{
  "RSpec": {
    "coverage": {
      "/Users/student/makers_stuff/projects/week_4/bookmark_manager/spec/bookmark_spec.rb": {
        "lines": [
          1,
          null,
          1,
          1,
          1,
          1,
          null,
          1,
          1,
          1,
          null,
          null,
          null
        ]
      },
      "/Users/student/makers_stuff/projects/week_4/bookmark_manager/lib/bookmark.rb": {
        "lines": [
          1,
          null,
          1,
          1,
          2,
          2,
          8,
          null,
          null
        ]
      },
      "/Users/student/makers_stuff/projects/week_4/bookmark_manager/spec/features/viewing_bookmarks_spec.rb": {
        "lines": [
          1,
          1,
          1,
          null,
          1,
          1,
          1,
          null,
          null
        ]
      },
      "/Users/student/makers_stuff/projects/week_4/bookmark_manager/spec/features/viewing_homepage_spec.rb": {
        "lines": [
          1,
          1,
          1,
          1,
          null,
          null
        ]
      }
    },
    "timestamp": 1581436438
  }
}
